2006.01.23 23:14 B D:\wwwroot\moncoins\datest\images\Banknotes\thumb\A0004.1shartsai.gif --> mongoliancoins.com /datest/images/Banknotes/thumb A0004.1shartsai.gif
2006.01.23 23:14 B D:\wwwroot\moncoins\datest\images\Banknotes\thumb\A0005.10sharstai.gif --> mongoliancoins.com /datest/images/Banknotes/thumb A0005.10sharstai.gif
2006.01.23 23:14 B D:\wwwroot\moncoins\datest\images\Banknotes\thumb\A0006.ehenzag.gif --> mongoliancoins.com /datest/images/Banknotes/thumb A0006.ehenzag.gif
2006.01.23 23:14 B D:\wwwroot\moncoins\datest\images\Banknotes\thumb\A0007.nomunhan.gif --> mongoliancoins.com /datest/images/Banknotes/thumb A0007.nomunhan.gif
2006.01.23 23:14 B D:\wwwroot\moncoins\datest\images\Banknotes\thumb\A0008.huree_san_300.gif --> mongoliancoins.com /datest/images/Banknotes/thumb A0008.huree_san_300.gif
2006.01.23 23:14 B D:\wwwroot\moncoins\datest\images\Banknotes\thumb\A0011.bagabolzoot10x.gif --> mongoliancoins.com /datest/images/Banknotes/thumb A0011.bagabolzoot10x.gif
2006.01.23 23:14 B D:\wwwroot\moncoins\datest\images\Banknotes\thumb\A0014.baga_bolzoot100x.gif --> mongoliancoins.com /datest/images/Banknotes/thumb A0014.baga_bolzoot100x.gif
2006.01.23 23:14 B D:\wwwroot\moncoins\datest\images\Banknotes\thumb\A0015.Danzan_$0.50x.gif --> mongoliancoins.com /datest/images/Banknotes/thumb A0015.Danzan_$0.50x.gif
2006.01.23 23:14 B D:\wwwroot\moncoins\datest\images\Banknotes\thumb\A0017.Danzan_$1x.gif --> mongoliancoins.com /datest/images/Banknotes/thumb A0017.Danzan_$1x.gif
2006.01.23 23:14 B D:\wwwroot\moncoins\datest\images\Banknotes\thumb\A0020.Danzan_$3x.gif --> mongoliancoins.com /datest/images/Banknotes/thumb A0020.Danzan_$3x.gif
2006.01.23 23:14 B D:\wwwroot\moncoins\datest\images\Banknotes\thumb\A0022.Danzan_$5x.gif --> mongoliancoins.com /datest/images/Banknotes/thumb A0022.Danzan_$5x.gif
2006.01.23 23:14 B D:\wwwroot\moncoins\datest\images\Banknotes\thumb\A0024.Danzan_$10x.gif --> mongoliancoins.com /datest/images/Banknotes/thumb A0024.Danzan_$10x.gif
2006.01.23 23:14 B D:\wwwroot\moncoins\datest\images\Banknotes\thumb\A0026.Danzan_$25x.gif --> mongoliancoins.com /datest/images/Banknotes/thumb A0026.Danzan_$25x.gif
2006.01.23 23:15 B D:\wwwroot\moncoins\datest\images\Banknotes\thumb\A0028.1925.A-7x.gif --> mongoliancoins.com /datest/images/Banknotes/thumb A0028.1925.A-7x.gif
2006.01.23 23:15 B D:\wwwroot\moncoins\datest\images\Banknotes\thumb\A0028a.1925.A-9x.gif --> mongoliancoins.com /datest/images/Banknotes/thumb A0028a.1925.A-9x.gif
2006.01.23 23:15 B D:\wwwroot\moncoins\datest\images\Banknotes\thumb\A0030.1925-1x.gif --> mongoliancoins.com /datest/images/Banknotes/thumb A0030.1925-1x.gif
2006.01.23 23:15 B D:\wwwroot\moncoins\datest\images\Banknotes\thumb\A0031.1925-2x.gif --> mongoliancoins.com /datest/images/Banknotes/thumb A0031.1925-2x.gif
2006.01.23 23:15 B D:\wwwroot\moncoins\datest\images\Banknotes\thumb\A0033.1925-5x.gif --> mongoliancoins.com /datest/images/Banknotes/thumb A0033.1925-5x.gif
2006.01.23 23:15 B D:\wwwroot\moncoins\datest\images\Banknotes\thumb\A0036.1925-10x.gif --> mongoliancoins.com /datest/images/Banknotes/thumb A0036.1925-10x.gif
2006.01.23 23:15 B D:\wwwroot\moncoins\datest\images\Banknotes\thumb\A0037.1925-25.gif --> mongoliancoins.com /datest/images/Banknotes/thumb A0037.1925-25.gif
2006.01.23 23:15 B D:\wwwroot\moncoins\datest\images\Banknotes\thumb\A0039.1925-50x.gif --> mongoliancoins.com /datest/images/Banknotes/thumb A0039.1925-50x.gif
2006.01.23 23:15 B D:\wwwroot\moncoins\datest\images\Banknotes\thumb\A0041.1925-100x.gif --> mongoliancoins.com /datest/images/Banknotes/thumb A0041.1925-100x.gif
2006.01.23 23:15 B D:\wwwroot\moncoins\datest\images\Banknotes\thumb\A0043.1939-1.gif --> mongoliancoins.com /datest/images/Banknotes/thumb A0043.1939-1.gif
2006.01.23 23:15 B D:\wwwroot\moncoins\datest\images\Banknotes\thumb\A0044.1939-3.gif --> mongoliancoins.com /datest/images/Banknotes/thumb A0044.1939-3.gif
2006.01.23 23:15 B D:\wwwroot\moncoins\datest\images\Banknotes\thumb\A0046.1939-5.gif --> mongoliancoins.com /datest/images/Banknotes/thumb A0046.1939-5.gif
2006.01.23 23:15 B D:\wwwroot\moncoins\datest\images\Banknotes\thumb\A0047.1939-10.gif --> mongoliancoins.com /datest/images/Banknotes/thumb A0047.1939-10.gif
2006.01.23 23:15 B D:\wwwroot\moncoins\datest\images\Banknotes\thumb\A0048.1939-25.gif --> mongoliancoins.com /datest/images/Banknotes/thumb A0048.1939-25.gif
2006.01.23 23:15 B D:\wwwroot\moncoins\datest\images\Banknotes\thumb\A0049.1939-50.gif --> mongoliancoins.com /datest/images/Banknotes/thumb A0049.1939-50.gif
2006.01.23 23:15 B D:\wwwroot\moncoins\datest\images\Banknotes\thumb\A0050.1939.100.gif --> mongoliancoins.com /datest/images/Banknotes/thumb A0050.1939.100.gif
2006.01.23 23:15 B D:\wwwroot\moncoins\datest\images\Banknotes\thumb\A0051.1941.1.gif --> mongoliancoins.com /datest/images/Banknotes/thumb A0051.1941.1.gif
2006.01.23 23:15 B D:\wwwroot\moncoins\datest\images\Banknotes\thumb\A0052.1941.3.gif --> mongoliancoins.com /datest/images/Banknotes/thumb A0052.1941.3.gif
2006.01.23 23:15 B D:\wwwroot\moncoins\datest\images\Banknotes\thumb\A0052.1941.5.gif --> mongoliancoins.com /datest/images/Banknotes/thumb A0052.1941.5.gif
2006.01.23 23:15 B D:\wwwroot\moncoins\datest\images\Banknotes\thumb\A0053.1941.10.gif --> mongoliancoins.com /datest/images/Banknotes/thumb A0053.1941.10.gif
2006.01.23 23:15 B D:\wwwroot\moncoins\datest\images\Banknotes\thumb\A0054.1941.25.gif --> mongoliancoins.com /datest/images/Banknotes/thumb A0054.1941.25.gif
2006.01.23 23:15 B D:\wwwroot\moncoins\datest\images\Banknotes\thumb\A0055.1941.50.gif --> mongoliancoins.com /datest/images/Banknotes/thumb A0055.1941.50.gif
2006.01.23 23:15 B D:\wwwroot\moncoins\datest\images\Banknotes\thumb\A0056.1941.100.gif --> mongoliancoins.com /datest/images/Banknotes/thumb A0056.1941.100.gif
2006.01.23 23:15 B D:\wwwroot\moncoins\datest\images\Banknotes\thumb\A0057.1955.1.gif --> mongoliancoins.com /datest/images/Banknotes/thumb A0057.1955.1.gif
2006.01.23 23:15 B D:\wwwroot\moncoins\datest\images\Banknotes\thumb\A0058.1955.3.gif --> mongoliancoins.com /datest/images/Banknotes/thumb A0058.1955.3.gif
2006.01.23 23:15 B D:\wwwroot\moncoins\datest\images\Banknotes\thumb\A0059.1955.5.gif --> mongoliancoins.com /datest/images/Banknotes/thumb A0059.1955.5.gif
2006.01.23 23:15 B D:\wwwroot\moncoins\datest\images\Banknotes\thumb\A0060.1955.10.gif --> mongoliancoins.com /datest/images/Banknotes/thumb A0060.1955.10.gif
2006.01.23 23:15 B D:\wwwroot\moncoins\datest\images\Banknotes\thumb\A0061.1955.25.gif --> mongoliancoins.com /datest/images/Banknotes/thumb A0061.1955.25.gif
2006.01.23 23:15 B D:\wwwroot\moncoins\datest\images\Banknotes\thumb\A0062.1955.50.gif --> mongoliancoins.com /datest/images/Banknotes/thumb A0062.1955.50.gif
2006.01.23 23:15 B D:\wwwroot\moncoins\datest\images\Banknotes\thumb\A0063.1955.100.gif --> mongoliancoins.com /datest/images/Banknotes/thumb A0063.1955.100.gif
2006.01.23 23:15 B D:\wwwroot\moncoins\datest\images\Banknotes\thumb\A0064.1966.1.gif --> mongoliancoins.com /datest/images/Banknotes/thumb A0064.1966.1.gif
2006.01.23 23:15 B D:\wwwroot\moncoins\datest\images\Banknotes\thumb\A0065.1966.3.gif --> mongoliancoins.com /datest/images/Banknotes/thumb A0065.1966.3.gif
2006.01.23 23:15 B D:\wwwroot\moncoins\datest\images\Banknotes\thumb\A0066.1966.5.gif --> mongoliancoins.com /datest/images/Banknotes/thumb A0066.1966.5.gif
2006.01.23 23:15 B D:\wwwroot\moncoins\datest\images\Banknotes\thumb\A0067.1966.10.gif --> mongoliancoins.com /datest/images/Banknotes/thumb A0067.1966.10.gif
2006.01.23 23:15 B D:\wwwroot\moncoins\datest\images\Banknotes\thumb\A0068.1966.25.gif --> mongoliancoins.com /datest/images/Banknotes/thumb A0068.1966.25.gif
2006.01.23 23:15 B D:\wwwroot\moncoins\datest\images\Banknotes\thumb\A0069.1966.50.gif --> mongoliancoins.com /datest/images/Banknotes/thumb A0069.1966.50.gif
2006.01.23 23:15 B D:\wwwroot\moncoins\datest\images\Banknotes\thumb\A0070.1966.100.gif --> mongoliancoins.com /datest/images/Banknotes/thumb A0070.1966.100.gif
2006.01.23 23:15 B D:\wwwroot\moncoins\datest\images\Banknotes\thumb\A0071.1983.1.gif --> mongoliancoins.com /datest/images/Banknotes/thumb A0071.1983.1.gif
2006.01.23 23:15 B D:\wwwroot\moncoins\datest\images\Banknotes\thumb\A0072.1983.3.gif --> mongoliancoins.com /datest/images/Banknotes/thumb A0072.1983.3.gif
2006.01.23 23:15 B D:\wwwroot\moncoins\datest\images\Banknotes\thumb\A0073.1981.5.gif --> mongoliancoins.com /datest/images/Banknotes/thumb A0073.1981.5.gif
2006.01.23 23:16 B D:\wwwroot\moncoins\datest\images\Banknotes\thumb\A0074.1981.10.gif --> mongoliancoins.com /datest/images/Banknotes/thumb A0074.1981.10.gif
2006.01.23 23:16 B D:\wwwroot\moncoins\datest\images\Banknotes\thumb\A0075.1981.20.gif --> mongoliancoins.com /datest/images/Banknotes/thumb A0075.1981.20.gif
2006.01.23 23:16 B D:\wwwroot\moncoins\datest\images\Banknotes\thumb\A0076.1981.50.gif --> mongoliancoins.com /datest/images/Banknotes/thumb A0076.1981.50.gif
2006.01.23 23:16 B D:\wwwroot\moncoins\datest\images\Banknotes\thumb\A0077.1981.100.gif --> mongoliancoins.com /datest/images/Banknotes/thumb A0077.1981.100.gif
2006.01.23 23:16 B D:\wwwroot\moncoins\datest\images\Banknotes\thumb\A0078.1993.10mongo.gif --> mongoliancoins.com /datest/images/Banknotes/thumb A0078.1993.10mongo.gif
2006.01.23 23:16 B D:\wwwroot\moncoins\datest\images\Banknotes\thumb\A0079.1993.20mongo.gif --> mongoliancoins.com /datest/images/Banknotes/thumb A0079.1993.20mongo.gif
2006.01.23 23:16 B D:\wwwroot\moncoins\datest\images\Banknotes\thumb\A0080.1993.50mongo.gif --> mongoliancoins.com /datest/images/Banknotes/thumb A0080.1993.50mongo.gif
2006.01.23 23:16 B D:\wwwroot\moncoins\datest\images\Banknotes\thumb\A0081.1993.1.gif --> mongoliancoins.com /datest/images/Banknotes/thumb A0081.1993.1.gif
2006.01.23 23:16 B D:\wwwroot\moncoins\datest\images\Banknotes\thumb\A0082.1993.5.gif --> mongoliancoins.com /datest/images/Banknotes/thumb A0082.1993.5.gif
2006.01.23 23:16 B D:\wwwroot\moncoins\datest\images\Banknotes\thumb\A0083.1993.10.gif --> mongoliancoins.com /datest/images/Banknotes/thumb A0083.1993.10.gif
2006.01.23 23:16 B D:\wwwroot\moncoins\datest\images\Banknotes\thumb\A0084.2002.10.gif --> mongoliancoins.com /datest/images/Banknotes/thumb A0084.2002.10.gif
2006.01.23 23:16 B D:\wwwroot\moncoins\datest\images\Banknotes\thumb\A0085.2005.10.gif --> mongoliancoins.com /datest/images/Banknotes/thumb A0085.2005.10.gif
2006.01.23 23:16 B D:\wwwroot\moncoins\datest\images\Banknotes\thumb\A0086.1993.20.gif --> mongoliancoins.com /datest/images/Banknotes/thumb A0086.1993.20.gif
2006.01.23 23:16 B D:\wwwroot\moncoins\datest\images\Banknotes\thumb\A0087.2002.20.gif --> mongoliancoins.com /datest/images/Banknotes/thumb A0087.2002.20.gif
2006.01.23 23:16 B D:\wwwroot\moncoins\datest\images\Banknotes\thumb\A0088.2005.20.gif --> mongoliancoins.com /datest/images/Banknotes/thumb A0088.2005.20.gif
2006.01.23 23:16 B D:\wwwroot\moncoins\datest\images\Banknotes\thumb\A0089.1993.50.gif --> mongoliancoins.com /datest/images/Banknotes/thumb A0089.1993.50.gif
2006.01.23 23:16 B D:\wwwroot\moncoins\datest\images\Banknotes\thumb\A0090.2000.50.gif --> mongoliancoins.com /datest/images/Banknotes/thumb A0090.2000.50.gif
2006.01.23 23:16 B D:\wwwroot\moncoins\datest\images\Banknotes\thumb\A0091.1993.100.gif --> mongoliancoins.com /datest/images/Banknotes/thumb A0091.1993.100.gif
2006.01.23 23:16 B D:\wwwroot\moncoins\datest\images\Banknotes\thumb\A0092.1994.100.gif --> mongoliancoins.com /datest/images/Banknotes/thumb A0092.1994.100.gif
2006.01.23 23:16 B D:\wwwroot\moncoins\datest\images\Banknotes\thumb\A0093.2000.100.gif --> mongoliancoins.com /datest/images/Banknotes/thumb A0093.2000.100.gif
2006.01.23 23:16 B D:\wwwroot\moncoins\datest\images\Banknotes\thumb\A0094.1993.500.gif --> mongoliancoins.com /datest/images/Banknotes/thumb A0094.1993.500.gif
2006.01.23 23:16 B D:\wwwroot\moncoins\datest\images\Banknotes\thumb\A0095.1997.500.gif --> mongoliancoins.com /datest/images/Banknotes/thumb A0095.1997.500.gif
2006.01.23 23:16 B D:\wwwroot\moncoins\datest\images\Banknotes\thumb\A0096.2000.500.gif --> mongoliancoins.com /datest/images/Banknotes/thumb A0096.2000.500.gif
2006.01.23 23:16 B D:\wwwroot\moncoins\datest\images\Banknotes\thumb\A0097.2003.500.gif --> mongoliancoins.com /datest/images/Banknotes/thumb A0097.2003.500.gif
2006.01.23 23:16 B D:\wwwroot\moncoins\datest\images\Banknotes\thumb\A0098.1993.1000.gif --> mongoliancoins.com /datest/images/Banknotes/thumb A0098.1993.1000.gif
2006.01.23 23:16 B D:\wwwroot\moncoins\datest\images\Banknotes\thumb\A0099.1997.1000.gif --> mongoliancoins.com /datest/images/Banknotes/thumb A0099.1997.1000.gif
2006.01.23 23:16 B D:\wwwroot\moncoins\datest\images\Banknotes\thumb\A0100.1998.1000.gif --> mongoliancoins.com /datest/images/Banknotes/thumb A0100.1998.1000.gif
2006.01.23 23:16 B D:\wwwroot\moncoins\datest\images\Banknotes\thumb\A0101.2003.1000.gif --> mongoliancoins.com /datest/images/Banknotes/thumb A0101.2003.1000.gif
2006.01.23 23:16 B D:\wwwroot\moncoins\datest\images\Banknotes\thumb\A0102.1994.5000.gif --> mongoliancoins.com /datest/images/Banknotes/thumb A0102.1994.5000.gif
2006.01.23 23:16 B D:\wwwroot\moncoins\datest\images\Banknotes\thumb\A0103.2003.5000.gif --> mongoliancoins.com /datest/images/Banknotes/thumb A0103.2003.5000.gif
2006.01.23 23:16 B D:\wwwroot\moncoins\datest\images\Banknotes\thumb\A0104.1995.10000.gif --> mongoliancoins.com /datest/images/Banknotes/thumb A0104.1995.10000.gif
2006.01.23 23:16 B D:\wwwroot\moncoins\datest\images\Banknotes\thumb\A0105.2002.10000.gif --> mongoliancoins.com /datest/images/Banknotes/thumb A0105.2002.10000.gif
2006.01.23 23:16 B D:\wwwroot\moncoins\datest\images\Banknotes\thumb\Thumbs.db --> mongoliancoins.com /datest/images/Banknotes/thumb Thumbs.db
2006.02.20 15:33 B D:\wwwroot\moncoins\datest\images\Banknotes\thumb\01Yuan_paper_money.2.gif --> mongoliancoins.com /datest/images/Banknotes/thumb 01Yuan_paper_money.2.gif
